
> plataforma-juegos-saas@0.1.0 dev
> vite --host 127.0.0.1 --port 4272 --strictPort


  [32m[1mVITE[22m v4.5.14[39m  [2mready in [0m[1m314[22m[2m[0m ms[22m

  [32m➜[39m  [1mLocal[22m:   [36mhttp://127.0.0.1:[1m4272[22m/[39m
[2m17:20:02[22m [36m[1m[vite][22m[39m [32mpage reload [39m[2msrc/games/PokerTexasHoldemGame.jsx[22m
[2m17:20:20[22m [36m[1m[vite][22m[39m [32mhmr update [39m[2m/src/styles.css[22m
[2m17:24:03[22m [36m[1m[vite][22m[39m [32mpage reload [39m[2msrc/games/PokerTexasHoldemGame.jsx[22m
[2m17:24:20[22m [36m[1m[vite][22m[39m [32mhmr update [39m[2m/src/styles.css[22m
[2m17:31:34[22m [36m[1m[vite][22m[39m [32mpage reload [39m[2msrc/games/PokerTexasHoldemGame.jsx[22m
[2m17:31:41[22m [36m[1m[vite][22m[39m [32mpage reload [39m[2msrc/games/PokerTexasHoldemGame.jsx[22m
[2m17:31:55[22m [36m[1m[vite][22m[39m [32mpage reload [39m[2msrc/games/PokerTexasHoldemGame.jsx[22m
[2m17:32:01[22m [36m[1m[vite][22m[39m [32mpage reload [39m[2msrc/games/PokerTexasHoldemGame.jsx[22m
[2m17:32:17[22m [36m[1m[vite][22m[39m [32mpage reload [39m[2msrc/games/PokerTexasHoldemGame.jsx[22m
[2m17:33:23[22m [36m[1m[vite][22m[39m [32mhmr update [39m[2m/src/styles.css[22m
[2m17:33:52[22m [36m[1m[vite][22m[39m [32mhmr update [39m[2m/src/styles.css[22m
[2m17:43:32[22m [36m[1m[vite][22m[39m [32mpage reload [39m[2msrc/games/PokerTexasHoldemGame.jsx[22m
[2m17:43:39[22m [36m[1m[vite][22m[39m [32mpage reload [39m[2msrc/games/PokerTexasHoldemGame.jsx[22m
[2m17:43:58[22m [36m[1m[vite][22m[39m [32mpage reload [39m[2msrc/games/PokerTexasHoldemGame.jsx[22m
[2m17:44:24[22m [36m[1m[vite][22m[39m [32mpage reload [39m[2msrc/games/PokerTexasHoldemGame.jsx[22m
[2m17:44:41[22m [36m[1m[vite][22m[39m [32mhmr update [39m[2m/src/styles.css[22m
[2m17:45:07[22m [36m[1m[vite][22m[39m [32mhmr update [39m[2m/src/styles.css[22m
[2m17:45:15[22m [36m[1m[vite][22m[39m [32mhmr update [39m[2m/src/styles.css[22m
[2m17:46:14[22m [36m[1m[vite][22m[39m [32mpage reload [39m[2mdist/index.html[22m
[2m17:52:15[22m [36m[1m[vite][22m[39m [32mhmr update [39m[2m/src/styles.css[22m
[2m18:17:57[22m [36m[1m[vite][22m[39m [32mpage reload [39m[2msrc/games/knowledge/WordSearchKnowledgeGame.jsx[22m
[2m18:18:16[22m [36m[1m[vite][22m[39m [32mpage reload [39m[2msrc/games/pong/constants.js[22m
[2m18:18:52[22m [36m[1m[vite][22m[39m [32mpage reload [39m[2msrc/games/pong/PongRuntime.js[22m
[2m18:29:00[22m [36m[1m[vite][22m[39m [32mpage reload [39m[2msrc/games/knowledge/WordSearchKnowledgeGame.jsx[22m
